[master (root-commit) 08eb220] Make IRCclient
 15 files changed, 878 insertions(+)
 create mode 100644 .local.git.out
 create mode 100644 Makefile
 create mode 100755 TestIRCServer
 create mode 100644 TestIRCServer.c
 create mode 100755 entry
 create mode 100644 entry.c
 create mode 100755 hello
 create mode 100644 hello.c
 create mode 100755 panned
 create mode 100644 panned.c
 create mode 100755 radio
 create mode 100644 radio.c
 create mode 100644 talk-client.c
 create mode 100755 timer
 create mode 100644 timer.c
[master 0932280] Make IRCclient
 2 files changed, 165 insertions(+)
 create mode 100644 IRCClient.cc
[master 93b2142] Make IRCclient
 1 file changed, 3 insertions(+)
[master 5ad0379] Make IRCclient
 3 files changed, 5 insertions(+), 2 deletions(-)
 create mode 100755 IRCClient
[master 5252877] Make IRCclient
 1 file changed, 3 insertions(+)
